Using pre-set license
Built from '2020.3/staging' branch; Version is '2020.3.26f1 (7298b473bc1a) revision 7510196'; Using compiler version '192528614'; Build Type 'Release'
OS: 'Windows 10  (10.0.19043) 64bit CoreSingleLanguage' Language: 'en' Physical Memory: 8067 MB
BatchMode: 1, IsHumanControllingUs: 0, StartBugReporterOnCrash: 0, Is64bit: 1, IsPro: 0

COMMAND LINE ARGUMENTS:
C:\Program Files\Unity\Hub\Editor\2020.3.26f1\Editor\Unity.exe
-adb2
-batchMode
-noUpm
-name
AssetImportWorker0
-projectPath
D:/Games/My project
-logFile
Logs/AssetImportWorker0.log
-srvPort
54110
Successfully changed project path to: D:/Games/My project
D:/Games/My project
Using Asset Import Pipeline V2.
Refreshing native plugins compatible for Editor in 285.96 ms, found 3 plugins.
Preloading 0 native plugins for Editor in 0.00 ms.
Initialize engine version: 2020.3.26f1 (7298b473bc1a)
[Subsystems] Discovering subsystems at path C:/Program Files/Unity/Hub/Editor/2020.3.26f1/Editor/Data/Resources/UnitySubsystems
[Subsystems] Discovering subsystems at path D:/Games/My project/Assets
GfxDevice: creating device client; threaded=0
Direct3D:
    Version:  Direct3D 11.0 [level 11.1]
    Renderer: NVIDIA GeForce GTX 1050 (ID=0x1c8d)
    Vendor:   
    VRAM:     4021 MB
    Driver:   23.21.13.9125
Initialize mono
Mono path[0] = 'C:/Program Files/Unity/Hub/Editor/2020.3.26f1/Editor/Data/Managed'
Mono path[1] = 'C:/Program Files/Unity/Hub/Editor/2020.3.26f1/Editor/Data/MonoBleedingEdge/lib/mono/unityjit'
Mono config path = 'C:/Program Files/Unity/Hub/Editor/2020.3.26f1/Editor/Data/MonoBleedingEdge/etc'
Using monoOptions --debugger-agent=transport=dt_socket,embedding=1,server=y,suspend=n,address=127.0.0.1:56832
Begin MonoManager ReloadAssembly
Registering precompiled unity dll's ...
Register platform support module: C:/Program Files/Unity/Hub/Editor/2020.3.26f1/Editor/Data/PlaybackEngines/WebGLSupport/UnityEditor.WebGL.Extensions.dll
Register platform support module: C:/Program Files/Unity/Hub/Editor/2020.3.26f1/Editor/Data/PlaybackEngines/MacStandaloneSupport/UnityEditor.OSXStandalone.Extensions.dll
Register platform support module: C:/Program Files/Unity/Hub/Editor/2020.3.26f1/Editor/Data/PlaybackEngines/WindowsStandaloneSupport/UnityEditor.WindowsStandalone.Extensions.dll
Register platform support module: C:/Program Files/Unity/Hub/Editor/2020.3.26f1/Editor/Data/PlaybackEngines/LinuxStandaloneSupport/UnityEditor.LinuxStandalone.Extensions.dll
Registered in 0.008863 seconds.
Native extension for LinuxStandalone target not found
Native extension for WindowsStandalone target not found
Native extension for OSXStandalone target not found
Native extension for WebGL target not found
Refreshing native plugins compatible for Editor in 54.06 ms, found 3 plugins.
Preloading 0 native plugins for Editor in 0.00 ms.
Mono: successfully reloaded assembly
- Completed reload, in  0.789 seconds
Domain Reload Profiling:
	ReloadAssembly (789ms)
		BeginReloadAssembly (80ms)
			ExecutionOrderSort (0ms)
			DisableScriptedObjects (0ms)
			BackupInstance (0ms)
			ReleaseScriptingObjects (0ms)
			CreateAndSetChildDomain (1ms)
		EndReloadAssembly (588ms)
			LoadAssemblies (81ms)
			RebuildTransferFunctionScriptingTraits (0ms)
			SetupTypeCache (199ms)
			ReleaseScriptCaches (0ms)
			RebuildScriptCaches (38ms)
			SetupLoadedEditorAssemblies (215ms)
				LogAssemblyErrors (0ms)
				InitializePlatformSupportModulesInManaged (9ms)
				SetLoadedEditorAssemblies (1ms)
				RefreshPlugins (54ms)
				BeforeProcessingInitializeOnLoad (22ms)
				ProcessInitializeOnLoadAttributes (96ms)
				ProcessInitializeOnLoadMethodAttributes (33ms)
				AfterProcessingInitializeOnLoad (0ms)
				EditorAssembliesLoaded (0ms)
			ExecutionOrderSort2 (0ms)
			AwakeInstancesAfterBackupRestoration (0ms)
Platform modules already initialized, skipping
Registering precompiled user dll's ...
Registered in 0.132080 seconds.
Begin MonoManager ReloadAssembly
Native extension for LinuxStandalone target not found
Native extension for WindowsStandalone target not found
Native extension for OSXStandalone target not found
Native extension for WebGL target not found
Refreshing native plugins compatible for Editor in 54.15 ms, found 3 plugins.
Preloading 0 native plugins for Editor in 0.00 ms.
Mono: successfully reloaded assembly
- Completed reload, in  2.062 seconds
Domain Reload Profiling:
	ReloadAssembly (2064ms)
		BeginReloadAssembly (184ms)
			ExecutionOrderSort (0ms)
			DisableScriptedObjects (9ms)
			BackupInstance (0ms)
			ReleaseScriptingObjects (0ms)
			CreateAndSetChildDomain (22ms)
		EndReloadAssembly (1792ms)
			LoadAssemblies (726ms)
			RebuildTransferFunctionScriptingTraits (0ms)
			SetupTypeCache (402ms)
			ReleaseScriptCaches (1ms)
			RebuildScriptCaches (59ms)
			SetupLoadedEditorAssemblies (433ms)
				LogAssemblyErrors (0ms)
				InitializePlatformSupportModulesInManaged (10ms)
				SetLoadedEditorAssemblies (0ms)
				RefreshPlugins (54ms)
				BeforeProcessingInitializeOnLoad (112ms)
				ProcessInitializeOnLoadAttributes (222ms)
				ProcessInitializeOnLoadMethodAttributes (24ms)
				AfterProcessingInitializeOnLoad (11ms)
				EditorAssembliesLoaded (0ms)
			ExecutionOrderSort2 (0ms)
			AwakeInstancesAfterBackupRestoration (7ms)
Platform modules already initialized, skipping
========================================================================
Worker process is ready to serve import requests
Launched and connected shader compiler UnityShaderCompiler.exe after 0.12 seconds
Refreshing native plugins compatible for Editor in 0.50 ms, found 3 plugins.
Preloading 0 native plugins for Editor in 0.00 ms.
Unloading 2210 Unused Serialized files (Serialized files now loaded: 0)
System memory in use before: 96.4 MB.
System memory in use after: 96.5 MB.

Unloading 28 unused Assets to reduce memory usage. Loaded Objects now: 2646.
Total: 3.190700 ms (FindLiveObjects: 0.169900 ms CreateObjectMapping: 0.079000 ms MarkObjects: 2.813900 ms  DeleteObjects: 0.126500 ms)

AssetImportParameters requested are different than current active one (requested -> active):
  custom:framework-win-MediaFoundation: 216162199b28c13a410421893ffa2e32 -> 
  custom:video-decoder-ogg-theora: a1e56fd34408186e4bbccfd4996cb3dc -> 
  custom:container-muxer-webm: aa71ff27fc2769a1b78a27578f13a17b -> 
  custom:container-demuxer-webm: 4f35f7cbe854078d1ac9338744f61a02 -> 
  custom:container-demuxer-ogg: 62fdf1f143b41e24485cea50d1cbac27 -> 
  custom:video-encoder-webm-vp8: eb34c28f22e8b96e1ab97ce403110664 -> 
  custom:video-decoder-webm-vp8: 9c59270c3fd7afecdb556c50c9e8de78 -> 
  custom:audio-decoder-ogg-vorbis: bf7c407c2cedff20999df2af8eb42d56 -> 
  custom:audio-encoder-webm-vorbis: bf7c407c2cedff20999df2af8eb42d56 -> 
========================================================================
Received Import Request.
  path: Assets/Die Effect.prefab
  artifactKey: Guid(d9b059f2fa49cd741a12a49f28b023ce) Importer(815301076,1909f56bfc062723c751e8b465ee728b)
Start importing Assets/Die Effect.prefab using Guid(d9b059f2fa49cd741a12a49f28b023ce) Importer(815301076,1909f56bfc062723c751e8b465ee728b)  -> (artifact id: 'db3067bbbbf2102bc1e140bc3aa33b4a') in 0.201141 seconds 
  Import took 0.518688 seconds .

========================================================================
Received Import Request.
  Time since last request: 0.001089 seconds.
  path: Assets/DamageCount.prefab
  artifactKey: Guid(b2423cd9b9c7f384d9c6254ec2c13bca) Importer(815301076,1909f56bfc062723c751e8b465ee728b)
Start importing Assets/DamageCount.prefab using Guid(b2423cd9b9c7f384d9c6254ec2c13bca) Importer(815301076,1909f56bfc062723c751e8b465ee728b)  -> (artifact id: '60a6c2fe2b7e2643d26287e54abce80d') in 0.034659 seconds 
  Import took 0.071944 seconds .

========================================================================
Received Import Request.
  Time since last request: 0.000580 seconds.
  path: Assets/Mob Variant.prefab
  artifactKey: Guid(f1817211f3538d142926e343988f0a3d) Importer(815301076,1909f56bfc062723c751e8b465ee728b)
Start importing Assets/Mob Variant.prefab using Guid(f1817211f3538d142926e343988f0a3d) Importer(815301076,1909f56bfc062723c751e8b465ee728b)  -> (artifact id: '31b4e3116ba737428e816bff4f099e4a') in 0.307381 seconds 
  Import took 0.362792 seconds .

========================================================================
Received Import Request.
  Time since last request: 0.000879 seconds.
  path: Assets/Boss Variant.prefab
  artifactKey: Guid(2b0fa69f853f80d42bb20bb56adad577) Importer(815301076,1909f56bfc062723c751e8b465ee728b)
Start importing Assets/Boss Variant.prefab using Guid(2b0fa69f853f80d42bb20bb56adad577) Importer(815301076,1909f56bfc062723c751e8b465ee728b)  -> (artifact id: '8e2aefe134706c3701fee5e7beb4b02a') in 0.235666 seconds 
  Import took 0.267454 seconds .

========================================================================
Received Import Request.
  Time since last request: 0.000450 seconds.
  path: Assets/gao.png
  artifactKey: Guid(cb31f59b61574484ab4d85c3b2b11f8a) Importer(815301076,1909f56bfc062723c751e8b465ee728b)
Start importing Assets/gao.png using Guid(cb31f59b61574484ab4d85c3b2b11f8a) Importer(815301076,1909f56bfc062723c751e8b465ee728b)  -> (artifact id: '814a29f911b81cebed716c0c58a24fe6') in 0.066772 seconds 
  Import took 0.188100 seconds .

========================================================================
Received Import Request.
  Time since last request: 0.000529 seconds.
  path: Assets/CharacterPrefab.prefab
  artifactKey: Guid(d0dee1eaf1a1e8d40a790fb6645001f5) Importer(815301076,1909f56bfc062723c751e8b465ee728b)
Start importing Assets/CharacterPrefab.prefab using Guid(d0dee1eaf1a1e8d40a790fb6645001f5) Importer(815301076,1909f56bfc062723c751e8b465ee728b)  -> (artifact id: '133a6baa2dc4946c283799cec946c6a0') in 0.023219 seconds 
  Import took 0.087583 seconds .

========================================================================
Received Import Request.
  Time since last request: 0.000548 seconds.
  path: Assets/Player Variant.prefab
  artifactKey: Guid(6d95eaa1c7fcfeb43973ee88b72996f5) Importer(815301076,1909f56bfc062723c751e8b465ee728b)
Start importing Assets/Player Variant.prefab using Guid(6d95eaa1c7fcfeb43973ee88b72996f5) Importer(815301076,1909f56bfc062723c751e8b465ee728b)  -> (artifact id: '28211279874965f8c5d2b9a910c474aa') in 0.038867 seconds 
  Import took 0.073025 seconds .

========================================================================
Received Import Request.
  Time since last request: 0.000403 seconds.
  path: Assets/image0 (7).png
  artifactKey: Guid(37e7e7cbe3f696b42a2c2e0b9188ca41) Importer(815301076,1909f56bfc062723c751e8b465ee728b)
Start importing Assets/image0 (7).png using Guid(37e7e7cbe3f696b42a2c2e0b9188ca41) Importer(815301076,1909f56bfc062723c751e8b465ee728b)  -> (artifact id: 'c9039721dffbffbceb42e784d78957bb') in 0.078193 seconds 
  Import took 0.105198 seconds .

========================================================================
Received Import Request.
  Time since last request: 0.000522 seconds.
  path: Assets/image0 (6).png
  artifactKey: Guid(d2dc494aeeb7b4148a3e15d97eb58dd8) Importer(815301076,1909f56bfc062723c751e8b465ee728b)
Start importing Assets/image0 (6).png using Guid(d2dc494aeeb7b4148a3e15d97eb58dd8) Importer(815301076,1909f56bfc062723c751e8b465ee728b)  -> (artifact id: 'd2c88ea75d950b270f50b670e3a054c3') in 0.044679 seconds 
  Import took 0.090312 seconds .

========================================================================
Received Import Request.
  Time since last request: 0.000540 seconds.
  path: Assets/PublicPixel-0W5Kv.ttf
  artifactKey: Guid(af167ca973bb0b24d932549c988e1613) Importer(815301076,1909f56bfc062723c751e8b465ee728b)
Start importing Assets/PublicPixel-0W5Kv.ttf using Guid(af167ca973bb0b24d932549c988e1613) Importer(815301076,1909f56bfc062723c751e8b465ee728b)  -> (artifact id: '836ab40aaa8d9d1a32611143214efbf2') in 0.097855 seconds 
  Import took 0.121504 seconds .

